<?xml version="1.0" encoding="UTF-8"?>
<testsuite xmlns:xsi="http://www.w3.org/2001/XMLSchema-instance" xsi:noNamespaceSchemaLocation="https://maven.apache.org/surefire/maven-surefire-plugin/xsd/surefire-test-report.xsd" name="edu.sjsu.cmpe275.DirectExchangeApplicationTests" time="18.515" tests="1" errors="0" skipped="0" failures="0">
  <properties>
    <property name="java.specification.version" value="15"/>
    <property name="sun.jnu.encoding" value="UTF-8"/>
    <property name="java.class.path" value="/Users/vatsa/Desktop/Proj/275/DirectExchange/target/test-classes:/Users/vatsa/Desktop/Proj/275/DirectExchange/target/classes:/Users/vatsa/.m2/repository/org/springframework/boot/spring-boot-starter/2.4.0/spring-boot-starter-2.4.0.jar:/Users/vatsa/.m2/repository/org/springframework/boot/spring-boot/2.4.0/spring-boot-2.4.0.jar:/Users/vatsa/.m2/repository/org/springframework/spring-context/5.3.1/spring-context-5.3.1.jar:/Users/vatsa/.m2/repository/org/springframework/boot/spring-boot-autoconfigure/2.4.0/spring-boot-autoconfigure-2.4.0.jar:/Users/vatsa/.m2/repository/org/springframework/boot/spring-boot-starter-logging/2.4.0/spring-boot-starter-logging-2.4.0.jar:/Users/vatsa/.m2/repository/ch/qos/logback/logback-classic/1.2.3/logback-classic-1.2.3.jar:/Users/vatsa/.m2/repository/ch/qos/logback/logback-core/1.2.3/logback-core-1.2.3.jar:/Users/vatsa/.m2/repository/org/apache/logging/log4j/log4j-to-slf4j/2.13.3/log4j-to-slf4j-2.13.3.jar:/Users/vatsa/.m2/repository/jakarta/annotation/jakarta.annotation-api/1.3.5/jakarta.annotation-api-1.3.5.jar:/Users/vatsa/.m2/repository/org/springframework/spring-core/5.3.1/spring-core-5.3.1.jar:/Users/vatsa/.m2/repository/org/springframework/spring-jcl/5.3.1/spring-jcl-5.3.1.jar:/Users/vatsa/.m2/repository/org/yaml/snakeyaml/1.27/snakeyaml-1.27.jar:/Users/vatsa/.m2/repository/org/springframework/boot/spring-boot-starter-test/2.4.0/spring-boot-starter-test-2.4.0.jar:/Users/vatsa/.m2/repository/org/springframework/boot/spring-boot-test/2.4.0/spring-boot-test-2.4.0.jar:/Users/vatsa/.m2/repository/org/springframework/boot/spring-boot-test-autoconfigure/2.4.0/spring-boot-test-autoconfigure-2.4.0.jar:/Users/vatsa/.m2/repository/com/jayway/jsonpath/json-path/2.4.0/json-path-2.4.0.jar:/Users/vatsa/.m2/repository/net/minidev/json-smart/2.3/json-smart-2.3.jar:/Users/vatsa/.m2/repository/net/minidev/accessors-smart/1.2/accessors-smart-1.2.jar:/Users/vatsa/.m2/repository/org/ow2/asm/asm/5.0.4/asm-5.0.4.jar:/Users/vatsa/.m2/repository/jakarta/xml/bind/jakarta.xml.bind-api/2.3.3/jakarta.xml.bind-api-2.3.3.jar:/Users/vatsa/.m2/repository/jakarta/activation/jakarta.activation-api/1.2.2/jakarta.activation-api-1.2.2.jar:/Users/vatsa/.m2/repository/org/assertj/assertj-core/3.18.1/assertj-core-3.18.1.jar:/Users/vatsa/.m2/repository/org/hamcrest/hamcrest/2.2/hamcrest-2.2.jar:/Users/vatsa/.m2/repository/org/junit/jupiter/junit-jupiter/5.7.0/junit-jupiter-5.7.0.jar:/Users/vatsa/.m2/repository/org/junit/jupiter/junit-jupiter-api/5.7.0/junit-jupiter-api-5.7.0.jar:/Users/vatsa/.m2/repository/org/apiguardian/apiguardian-api/1.1.0/apiguardian-api-1.1.0.jar:/Users/vatsa/.m2/repository/org/opentest4j/opentest4j/1.2.0/opentest4j-1.2.0.jar:/Users/vatsa/.m2/repository/org/junit/platform/junit-platform-commons/1.7.0/junit-platform-commons-1.7.0.jar:/Users/vatsa/.m2/repository/org/junit/jupiter/junit-jupiter-params/5.7.0/junit-jupiter-params-5.7.0.jar:/Users/vatsa/.m2/repository/org/junit/jupiter/junit-jupiter-engine/5.7.0/junit-jupiter-engine-5.7.0.jar:/Users/vatsa/.m2/repository/org/junit/platform/junit-platform-engine/1.7.0/junit-platform-engine-1.7.0.jar:/Users/vatsa/.m2/repository/org/mockito/mockito-core/3.6.0/mockito-core-3.6.0.jar:/Users/vatsa/.m2/repository/net/bytebuddy/byte-buddy/1.10.18/byte-buddy-1.10.18.jar:/Users/vatsa/.m2/repository/net/bytebuddy/byte-buddy-agent/1.10.18/byte-buddy-agent-1.10.18.jar:/Users/vatsa/.m2/repository/org/mockito/mockito-junit-jupiter/3.6.0/mockito-junit-jupiter-3.6.0.jar:/Users/vatsa/.m2/repository/org/skyscreamer/jsonassert/1.5.0/jsonassert-1.5.0.jar:/Users/vatsa/.m2/repository/com/vaadin/external/google/android-json/0.0.20131108.vaadin1/android-json-0.0.20131108.vaadin1.jar:/Users/vatsa/.m2/repository/org/springframework/spring-test/5.3.1/spring-test-5.3.1.jar:/Users/vatsa/.m2/repository/org/xmlunit/xmlunit-core/2.7.0/xmlunit-core-2.7.0.jar:/Users/vatsa/.m2/repository/org/springframework/security/spring-security-oauth2-jose/5.4.1/spring-security-oauth2-jose-5.4.1.jar:/Users/vatsa/.m2/repository/com/nimbusds/nimbus-jose-jwt/9.1.2/nimbus-jose-jwt-9.1.2.jar:/Users/vatsa/.m2/repository/com/github/stephenc/jcip/jcip-annotations/1.0-1/jcip-annotations-1.0-1.jar:/Users/vatsa/.m2/repository/org/springframework/security/spring-security-core/5.4.1/spring-security-core-5.4.1.jar:/Users/vatsa/.m2/repository/org/springframework/spring-beans/5.3.1/spring-beans-5.3.1.jar:/Users/vatsa/.m2/repository/org/springframework/spring-expression/5.3.1/spring-expression-5.3.1.jar:/Users/vatsa/.m2/repository/org/springframework/security/spring-security-oauth2-core/5.4.1/spring-security-oauth2-core-5.4.1.jar:/Users/vatsa/.m2/repository/org/springframework/boot/spring-boot-starter-data-jpa/2.4.0/spring-boot-starter-data-jpa-2.4.0.jar:/Users/vatsa/.m2/repository/org/springframework/boot/spring-boot-starter-aop/2.4.0/spring-boot-starter-aop-2.4.0.jar:/Users/vatsa/.m2/repository/org/aspectj/aspectjweaver/1.9.6/aspectjweaver-1.9.6.jar:/Users/vatsa/.m2/repository/org/springframework/boot/spring-boot-starter-jdbc/2.4.0/spring-boot-starter-jdbc-2.4.0.jar:/Users/vatsa/.m2/repository/com/zaxxer/HikariCP/3.4.5/HikariCP-3.4.5.jar:/Users/vatsa/.m2/repository/org/springframework/spring-jdbc/5.3.1/spring-jdbc-5.3.1.jar:/Users/vatsa/.m2/repository/jakarta/transaction/jakarta.transaction-api/1.3.3/jakarta.transaction-api-1.3.3.jar:/Users/vatsa/.m2/repository/jakarta/persistence/jakarta.persistence-api/2.2.3/jakarta.persistence-api-2.2.3.jar:/Users/vatsa/.m2/repository/org/hibernate/hibernate-core/5.4.23.Final/hibernate-core-5.4.23.Final.jar:/Users/vatsa/.m2/repository/org/jboss/logging/jboss-logging/3.4.1.Final/jboss-logging-3.4.1.Final.jar:/Users/vatsa/.m2/repository/org/javassist/javassist/3.24.0-GA/javassist-3.24.0-GA.jar:/Users/vatsa/.m2/repository/antlr/antlr/2.7.7/antlr-2.7.7.jar:/Users/vatsa/.m2/repository/org/jboss/jandex/2.1.3.Final/jandex-2.1.3.Final.jar:/Users/vatsa/.m2/repository/com/fasterxml/classmate/1.5.1/classmate-1.5.1.jar:/Users/vatsa/.m2/repository/org/dom4j/dom4j/2.1.3/dom4j-2.1.3.jar:/Users/vatsa/.m2/repository/org/hibernate/common/hibernate-commons-annotations/5.1.2.Final/hibernate-commons-annotations-5.1.2.Final.jar:/Users/vatsa/.m2/repository/org/glassfish/jaxb/jaxb-runtime/2.3.3/jaxb-runtime-2.3.3.jar:/Users/vatsa/.m2/repository/org/glassfish/jaxb/txw2/2.3.3/txw2-2.3.3.jar:/Users/vatsa/.m2/repository/com/sun/istack/istack-commons-runtime/3.0.11/istack-commons-runtime-3.0.11.jar:/Users/vatsa/.m2/repository/com/sun/activation/jakarta.activation/1.2.2/jakarta.activation-1.2.2.jar:/Users/vatsa/.m2/repository/org/springframework/data/spring-data-jpa/2.4.1/spring-data-jpa-2.4.1.jar:/Users/vatsa/.m2/repository/org/springframework/data/spring-data-commons/2.4.1/spring-data-commons-2.4.1.jar:/Users/vatsa/.m2/repository/org/springframework/spring-orm/5.3.1/spring-orm-5.3.1.jar:/Users/vatsa/.m2/repository/org/springframework/spring-tx/5.3.1/spring-tx-5.3.1.jar:/Users/vatsa/.m2/repository/org/springframework/spring-aspects/5.3.1/spring-aspects-5.3.1.jar:/Users/vatsa/.m2/repository/mysql/mysql-connector-java/8.0.22/mysql-connector-java-8.0.22.jar:/Users/vatsa/.m2/repository/org/springframework/boot/spring-boot-starter-web/2.4.0/spring-boot-starter-web-2.4.0.jar:/Users/vatsa/.m2/repository/org/springframework/boot/spring-boot-starter-json/2.4.0/spring-boot-starter-json-2.4.0.jar:/Users/vatsa/.m2/repository/com/fasterxml/jackson/datatype/jackson-datatype-jdk8/2.11.3/jackson-datatype-jdk8-2.11.3.jar:/Users/vatsa/.m2/repository/com/fasterxml/jackson/datatype/jackson-datatype-jsr310/2.11.3/jackson-datatype-jsr310-2.11.3.jar:/Users/vatsa/.m2/repository/com/fasterxml/jackson/module/jackson-module-parameter-names/2.11.3/jackson-module-parameter-names-2.11.3.jar:/Users/vatsa/.m2/repository/org/springframework/boot/spring-boot-starter-tomcat/2.4.0/spring-boot-starter-tomcat-2.4.0.jar:/Users/vatsa/.m2/repository/org/apache/tomcat/embed/tomcat-embed-core/9.0.39/tomcat-embed-core-9.0.39.jar:/Users/vatsa/.m2/repository/org/apache/tomcat/embed/tomcat-embed-websocket/9.0.39/tomcat-embed-websocket-9.0.39.jar:/Users/vatsa/.m2/repository/org/springframework/spring-web/5.3.1/spring-web-5.3.1.jar:/Users/vatsa/.m2/repository/org/springframework/spring-webmvc/5.3.1/spring-webmvc-5.3.1.jar:/Users/vatsa/.m2/repository/org/springframework/boot/spring-boot-starter-log4j2/2.4.0/spring-boot-starter-log4j2-2.4.0.jar:/Users/vatsa/.m2/repository/org/apache/logging/log4j/log4j-slf4j-impl/2.13.3/log4j-slf4j-impl-2.13.3.jar:/Users/vatsa/.m2/repository/org/apache/logging/log4j/log4j-api/2.13.3/log4j-api-2.13.3.jar:/Users/vatsa/.m2/repository/org/apache/logging/log4j/log4j-core/2.13.3/log4j-core-2.13.3.jar:/Users/vatsa/.m2/repository/org/apache/logging/log4j/log4j-jul/2.13.3/log4j-jul-2.13.3.jar:/Users/vatsa/.m2/repository/org/slf4j/jul-to-slf4j/1.7.30/jul-to-slf4j-1.7.30.jar:/Users/vatsa/.m2/repository/com/googlecode/json-simple/json-simple/1.1/json-simple-1.1.jar:/Users/vatsa/.m2/repository/org/awaitility/awaitility/3.1.2/awaitility-3.1.2.jar:/Users/vatsa/.m2/repository/org/hamcrest/hamcrest-library/2.2/hamcrest-library-2.2.jar:/Users/vatsa/.m2/repository/org/hamcrest/hamcrest-core/2.2/hamcrest-core-2.2.jar:/Users/vatsa/.m2/repository/org/objenesis/objenesis/2.6/objenesis-2.6.jar:/Users/vatsa/.m2/repository/org/projectlombok/lombok/1.18.16/lombok-1.18.16.jar:/Users/vatsa/.m2/repository/org/springframework/security/spring-security-oauth2-client/5.4.1/spring-security-oauth2-client-5.4.1.jar:/Users/vatsa/.m2/repository/com/nimbusds/oauth2-oidc-sdk/8.23.1/oauth2-oidc-sdk-8.23.1.jar:/Users/vatsa/.m2/repository/com/nimbusds/content-type/2.1/content-type-2.1.jar:/Users/vatsa/.m2/repository/com/nimbusds/lang-tag/1.4.4/lang-tag-1.4.4.jar:/Users/vatsa/.m2/repository/org/springframework/security/spring-security-web/5.4.1/spring-security-web-5.4.1.jar:/Users/vatsa/.m2/repository/io/jsonwebtoken/jjwt/0.5.1/jjwt-0.5.1.jar:/Users/vatsa/.m2/repository/org/slf4j/slf4j-api/1.7.30/slf4j-api-1.7.30.jar:/Users/vatsa/.m2/repository/com/fasterxml/jackson/core/jackson-databind/2.11.3/jackson-databind-2.11.3.jar:/Users/vatsa/.m2/repository/com/fasterxml/jackson/core/jackson-annotations/2.11.3/jackson-annotations-2.11.3.jar:/Users/vatsa/.m2/repository/com/fasterxml/jackson/core/jackson-core/2.11.3/jackson-core-2.11.3.jar:/Users/vatsa/.m2/repository/com/google/code/gson/gson/2.8.6/gson-2.8.6.jar:/Users/vatsa/.m2/repository/org/springframework/boot/spring-boot-starter-security/2.4.0/spring-boot-starter-security-2.4.0.jar:/Users/vatsa/.m2/repository/org/springframework/spring-aop/5.3.1/spring-aop-5.3.1.jar:/Users/vatsa/.m2/repository/org/springframework/security/spring-security-config/5.4.1/spring-security-config-5.4.1.jar:/Users/vatsa/.m2/repository/com/google/guava/guava/30.0-jre/guava-30.0-jre.jar:/Users/vatsa/.m2/repository/com/google/guava/failureaccess/1.0.1/failureaccess-1.0.1.jar:/Users/vatsa/.m2/repository/com/google/guava/listenablefuture/9999.0-empty-to-avoid-conflict-with-guava/listenablefuture-9999.0-empty-to-avoid-conflict-with-guava.jar:/Users/vatsa/.m2/repository/com/google/code/findbugs/jsr305/3.0.2/jsr305-3.0.2.jar:/Users/vatsa/.m2/repository/org/checkerframework/checker-qual/3.5.0/checker-qual-3.5.0.jar:/Users/vatsa/.m2/repository/com/google/errorprone/error_prone_annotations/2.3.4/error_prone_annotations-2.3.4.jar:/Users/vatsa/.m2/repository/com/google/j2objc/j2objc-annotations/1.3/j2objc-annotations-1.3.jar:/Users/vatsa/.m2/repository/com/sun/mail/javax.mail/1.6.2/javax.mail-1.6.2.jar:/Users/vatsa/.m2/repository/javax/activation/activation/1.1/activation-1.1.jar:/Users/vatsa/.m2/repository/org/springframework/boot/spring-boot-starter-validation/2.4.0/spring-boot-starter-validation-2.4.0.jar:/Users/vatsa/.m2/repository/org/glassfish/jakarta.el/3.0.3/jakarta.el-3.0.3.jar:/Users/vatsa/.m2/repository/org/hibernate/validator/hibernate-validator/6.1.6.Final/hibernate-validator-6.1.6.Final.jar:/Users/vatsa/.m2/repository/jakarta/validation/jakarta.validation-api/2.0.2/jakarta.validation-api-2.0.2.jar:"/>
    <property name="java.vm.vendor" value="Oracle Corporation"/>
    <property name="sun.arch.data.model" value="64"/>
    <property name="java.vendor.url" value="https://java.oracle.com/"/>
    <property name="os.name" value="Mac OS X"/>
    <property name="java.vm.specification.version" value="15"/>
    <property name="sun.java.launcher" value="SUN_STANDARD"/>
    <property name="user.country" value="US"/>
    <property name="sun.boot.library.path" value="/Users/vatsa/Library/Java/JavaVirtualMachines/openjdk-15/Contents/Home/lib"/>
    <property name="sun.java.command" value="/Users/vatsa/Desktop/Proj/275/DirectExchange/target/surefire/surefirebooter9014483665652250796.jar /Users/vatsa/Desktop/Proj/275/DirectExchange/target/surefire 2020-12-15T23-12-40_968-jvmRun1 surefire16386022401051637669tmp surefire_06354968703216230163tmp"/>
    <property name="http.nonProxyHosts" value="local|*.local|169.254/16|*.169.254/16"/>
    <property name="jdk.debug" value="release"/>
    <property name="surefire.test.class.path" value="/Users/vatsa/Desktop/Proj/275/DirectExchange/target/test-classes:/Users/vatsa/Desktop/Proj/275/DirectExchange/target/classes:/Users/vatsa/.m2/repository/org/springframework/boot/spring-boot-starter/2.4.0/spring-boot-starter-2.4.0.jar:/Users/vatsa/.m2/repository/org/springframework/boot/spring-boot/2.4.0/spring-boot-2.4.0.jar:/Users/vatsa/.m2/repository/org/springframework/spring-context/5.3.1/spring-context-5.3.1.jar:/Users/vatsa/.m2/repository/org/springframework/boot/spring-boot-autoconfigure/2.4.0/spring-boot-autoconfigure-2.4.0.jar:/Users/vatsa/.m2/repository/org/springframework/boot/spring-boot-starter-logging/2.4.0/spring-boot-starter-logging-2.4.0.jar:/Users/vatsa/.m2/repository/ch/qos/logback/logback-classic/1.2.3/logback-classic-1.2.3.jar:/Users/vatsa/.m2/repository/ch/qos/logback/logback-core/1.2.3/logback-core-1.2.3.jar:/Users/vatsa/.m2/repository/org/apache/logging/log4j/log4j-to-slf4j/2.13.3/log4j-to-slf4j-2.13.3.jar:/Users/vatsa/.m2/repository/jakarta/annotation/jakarta.annotation-api/1.3.5/jakarta.annotation-api-1.3.5.jar:/Users/vatsa/.m2/repository/org/springframework/spring-core/5.3.1/spring-core-5.3.1.jar:/Users/vatsa/.m2/repository/org/springframework/spring-jcl/5.3.1/spring-jcl-5.3.1.jar:/Users/vatsa/.m2/repository/org/yaml/snakeyaml/1.27/snakeyaml-1.27.jar:/Users/vatsa/.m2/repository/org/springframework/boot/spring-boot-starter-test/2.4.0/spring-boot-starter-test-2.4.0.jar:/Users/vatsa/.m2/repository/org/springframework/boot/spring-boot-test/2.4.0/spring-boot-test-2.4.0.jar:/Users/vatsa/.m2/repository/org/springframework/boot/spring-boot-test-autoconfigure/2.4.0/spring-boot-test-autoconfigure-2.4.0.jar:/Users/vatsa/.m2/repository/com/jayway/jsonpath/json-path/2.4.0/json-path-2.4.0.jar:/Users/vatsa/.m2/repository/net/minidev/json-smart/2.3/json-smart-2.3.jar:/Users/vatsa/.m2/repository/net/minidev/accessors-smart/1.2/accessors-smart-1.2.jar:/Users/vatsa/.m2/repository/org/ow2/asm/asm/5.0.4/asm-5.0.4.jar:/Users/vatsa/.m2/repository/jakarta/xml/bind/jakarta.xml.bind-api/2.3.3/jakarta.xml.bind-api-2.3.3.jar:/Users/vatsa/.m2/repository/jakarta/activation/jakarta.activation-api/1.2.2/jakarta.activation-api-1.2.2.jar:/Users/vatsa/.m2/repository/org/assertj/assertj-core/3.18.1/assertj-core-3.18.1.jar:/Users/vatsa/.m2/repository/org/hamcrest/hamcrest/2.2/hamcrest-2.2.jar:/Users/vatsa/.m2/repository/org/junit/jupiter/junit-jupiter/5.7.0/junit-jupiter-5.7.0.jar:/Users/vatsa/.m2/repository/org/junit/jupiter/junit-jupiter-api/5.7.0/junit-jupiter-api-5.7.0.jar:/Users/vatsa/.m2/repository/org/apiguardian/apiguardian-api/1.1.0/apiguardian-api-1.1.0.jar:/Users/vatsa/.m2/repository/org/opentest4j/opentest4j/1.2.0/opentest4j-1.2.0.jar:/Users/vatsa/.m2/repository/org/junit/platform/junit-platform-commons/1.7.0/junit-platform-commons-1.7.0.jar:/Users/vatsa/.m2/repository/org/junit/jupiter/junit-jupiter-params/5.7.0/junit-jupiter-params-5.7.0.jar:/Users/vatsa/.m2/repository/org/junit/jupiter/junit-jupiter-engine/5.7.0/junit-jupiter-engine-5.7.0.jar:/Users/vatsa/.m2/repository/org/junit/platform/junit-platform-engine/1.7.0/junit-platform-engine-1.7.0.jar:/Users/vatsa/.m2/repository/org/mockito/mockito-core/3.6.0/mockito-core-3.6.0.jar:/Users/vatsa/.m2/repository/net/bytebuddy/byte-buddy/1.10.18/byte-buddy-1.10.18.jar:/Users/vatsa/.m2/repository/net/bytebuddy/byte-buddy-agent/1.10.18/byte-buddy-agent-1.10.18.jar:/Users/vatsa/.m2/repository/org/mockito/mockito-junit-jupiter/3.6.0/mockito-junit-jupiter-3.6.0.jar:/Users/vatsa/.m2/repository/org/skyscreamer/jsonassert/1.5.0/jsonassert-1.5.0.jar:/Users/vatsa/.m2/repository/com/vaadin/external/google/android-json/0.0.20131108.vaadin1/android-json-0.0.20131108.vaadin1.jar:/Users/vatsa/.m2/repository/org/springframework/spring-test/5.3.1/spring-test-5.3.1.jar:/Users/vatsa/.m2/repository/org/xmlunit/xmlunit-core/2.7.0/xmlunit-core-2.7.0.jar:/Users/vatsa/.m2/repository/org/springframework/security/spring-security-oauth2-jose/5.4.1/spring-security-oauth2-jose-5.4.1.jar:/Users/vatsa/.m2/repository/com/nimbusds/nimbus-jose-jwt/9.1.2/nimbus-jose-jwt-9.1.2.jar:/Users/vatsa/.m2/repository/com/github/stephenc/jcip/jcip-annotations/1.0-1/jcip-annotations-1.0-1.jar:/Users/vatsa/.m2/repository/org/springframework/security/spring-security-core/5.4.1/spring-security-core-5.4.1.jar:/Users/vatsa/.m2/repository/org/springframework/spring-beans/5.3.1/spring-beans-5.3.1.jar:/Users/vatsa/.m2/repository/org/springframework/spring-expression/5.3.1/spring-expression-5.3.1.jar:/Users/vatsa/.m2/repository/org/springframework/security/spring-security-oauth2-core/5.4.1/spring-security-oauth2-core-5.4.1.jar:/Users/vatsa/.m2/repository/org/springframework/boot/spring-boot-starter-data-jpa/2.4.0/spring-boot-starter-data-jpa-2.4.0.jar:/Users/vatsa/.m2/repository/org/springframework/boot/spring-boot-starter-aop/2.4.0/spring-boot-starter-aop-2.4.0.jar:/Users/vatsa/.m2/repository/org/aspectj/aspectjweaver/1.9.6/aspectjweaver-1.9.6.jar:/Users/vatsa/.m2/repository/org/springframework/boot/spring-boot-starter-jdbc/2.4.0/spring-boot-starter-jdbc-2.4.0.jar:/Users/vatsa/.m2/repository/com/zaxxer/HikariCP/3.4.5/HikariCP-3.4.5.jar:/Users/vatsa/.m2/repository/org/springframework/spring-jdbc/5.3.1/spring-jdbc-5.3.1.jar:/Users/vatsa/.m2/repository/jakarta/transaction/jakarta.transaction-api/1.3.3/jakarta.transaction-api-1.3.3.jar:/Users/vatsa/.m2/repository/jakarta/persistence/jakarta.persistence-api/2.2.3/jakarta.persistence-api-2.2.3.jar:/Users/vatsa/.m2/repository/org/hibernate/hibernate-core/5.4.23.Final/hibernate-core-5.4.23.Final.jar:/Users/vatsa/.m2/repository/org/jboss/logging/jboss-logging/3.4.1.Final/jboss-logging-3.4.1.Final.jar:/Users/vatsa/.m2/repository/org/javassist/javassist/3.24.0-GA/javassist-3.24.0-GA.jar:/Users/vatsa/.m2/repository/antlr/antlr/2.7.7/antlr-2.7.7.jar:/Users/vatsa/.m2/repository/org/jboss/jandex/2.1.3.Final/jandex-2.1.3.Final.jar:/Users/vatsa/.m2/repository/com/fasterxml/classmate/1.5.1/classmate-1.5.1.jar:/Users/vatsa/.m2/repository/org/dom4j/dom4j/2.1.3/dom4j-2.1.3.jar:/Users/vatsa/.m2/repository/org/hibernate/common/hibernate-commons-annotations/5.1.2.Final/hibernate-commons-annotations-5.1.2.Final.jar:/Users/vatsa/.m2/repository/org/glassfish/jaxb/jaxb-runtime/2.3.3/jaxb-runtime-2.3.3.jar:/Users/vatsa/.m2/repository/org/glassfish/jaxb/txw2/2.3.3/txw2-2.3.3.jar:/Users/vatsa/.m2/repository/com/sun/istack/istack-commons-runtime/3.0.11/istack-commons-runtime-3.0.11.jar:/Users/vatsa/.m2/repository/com/sun/activation/jakarta.activation/1.2.2/jakarta.activation-1.2.2.jar:/Users/vatsa/.m2/repository/org/springframework/data/spring-data-jpa/2.4.1/spring-data-jpa-2.4.1.jar:/Users/vatsa/.m2/repository/org/springframework/data/spring-data-commons/2.4.1/spring-data-commons-2.4.1.jar:/Users/vatsa/.m2/repository/org/springframework/spring-orm/5.3.1/spring-orm-5.3.1.jar:/Users/vatsa/.m2/repository/org/springframework/spring-tx/5.3.1/spring-tx-5.3.1.jar:/Users/vatsa/.m2/repository/org/springframework/spring-aspects/5.3.1/spring-aspects-5.3.1.jar:/Users/vatsa/.m2/repository/mysql/mysql-connector-java/8.0.22/mysql-connector-java-8.0.22.jar:/Users/vatsa/.m2/repository/org/springframework/boot/spring-boot-starter-web/2.4.0/spring-boot-starter-web-2.4.0.jar:/Users/vatsa/.m2/repository/org/springframework/boot/spring-boot-starter-json/2.4.0/spring-boot-starter-json-2.4.0.jar:/Users/vatsa/.m2/repository/com/fasterxml/jackson/datatype/jackson-datatype-jdk8/2.11.3/jackson-datatype-jdk8-2.11.3.jar:/Users/vatsa/.m2/repository/com/fasterxml/jackson/datatype/jackson-datatype-jsr310/2.11.3/jackson-datatype-jsr310-2.11.3.jar:/Users/vatsa/.m2/repository/com/fasterxml/jackson/module/jackson-module-parameter-names/2.11.3/jackson-module-parameter-names-2.11.3.jar:/Users/vatsa/.m2/repository/org/springframework/boot/spring-boot-starter-tomcat/2.4.0/spring-boot-starter-tomcat-2.4.0.jar:/Users/vatsa/.m2/repository/org/apache/tomcat/embed/tomcat-embed-core/9.0.39/tomcat-embed-core-9.0.39.jar:/Users/vatsa/.m2/repository/org/apache/tomcat/embed/tomcat-embed-websocket/9.0.39/tomcat-embed-websocket-9.0.39.jar:/Users/vatsa/.m2/repository/org/springframework/spring-web/5.3.1/spring-web-5.3.1.jar:/Users/vatsa/.m2/repository/org/springframework/spring-webmvc/5.3.1/spring-webmvc-5.3.1.jar:/Users/vatsa/.m2/repository/org/springframework/boot/spring-boot-starter-log4j2/2.4.0/spring-boot-starter-log4j2-2.4.0.jar:/Users/vatsa/.m2/repository/org/apache/logging/log4j/log4j-slf4j-impl/2.13.3/log4j-slf4j-impl-2.13.3.jar:/Users/vatsa/.m2/repository/org/apache/logging/log4j/log4j-api/2.13.3/log4j-api-2.13.3.jar:/Users/vatsa/.m2/repository/org/apache/logging/log4j/log4j-core/2.13.3/log4j-core-2.13.3.jar:/Users/vatsa/.m2/repository/org/apache/logging/log4j/log4j-jul/2.13.3/log4j-jul-2.13.3.jar:/Users/vatsa/.m2/repository/org/slf4j/jul-to-slf4j/1.7.30/jul-to-slf4j-1.7.30.jar:/Users/vatsa/.m2/repository/com/googlecode/json-simple/json-simple/1.1/json-simple-1.1.jar:/Users/vatsa/.m2/repository/org/awaitility/awaitility/3.1.2/awaitility-3.1.2.jar:/Users/vatsa/.m2/repository/org/hamcrest/hamcrest-library/2.2/hamcrest-library-2.2.jar:/Users/vatsa/.m2/repository/org/hamcrest/hamcrest-core/2.2/hamcrest-core-2.2.jar:/Users/vatsa/.m2/repository/org/objenesis/objenesis/2.6/objenesis-2.6.jar:/Users/vatsa/.m2/repository/org/projectlombok/lombok/1.18.16/lombok-1.18.16.jar:/Users/vatsa/.m2/repository/org/springframework/security/spring-security-oauth2-client/5.4.1/spring-security-oauth2-client-5.4.1.jar:/Users/vatsa/.m2/repository/com/nimbusds/oauth2-oidc-sdk/8.23.1/oauth2-oidc-sdk-8.23.1.jar:/Users/vatsa/.m2/repository/com/nimbusds/content-type/2.1/content-type-2.1.jar:/Users/vatsa/.m2/repository/com/nimbusds/lang-tag/1.4.4/lang-tag-1.4.4.jar:/Users/vatsa/.m2/repository/org/springframework/security/spring-security-web/5.4.1/spring-security-web-5.4.1.jar:/Users/vatsa/.m2/repository/io/jsonwebtoken/jjwt/0.5.1/jjwt-0.5.1.jar:/Users/vatsa/.m2/repository/org/slf4j/slf4j-api/1.7.30/slf4j-api-1.7.30.jar:/Users/vatsa/.m2/repository/com/fasterxml/jackson/core/jackson-databind/2.11.3/jackson-databind-2.11.3.jar:/Users/vatsa/.m2/repository/com/fasterxml/jackson/core/jackson-annotations/2.11.3/jackson-annotations-2.11.3.jar:/Users/vatsa/.m2/repository/com/fasterxml/jackson/core/jackson-core/2.11.3/jackson-core-2.11.3.jar:/Users/vatsa/.m2/repository/com/google/code/gson/gson/2.8.6/gson-2.8.6.jar:/Users/vatsa/.m2/repository/org/springframework/boot/spring-boot-starter-security/2.4.0/spring-boot-starter-security-2.4.0.jar:/Users/vatsa/.m2/repository/org/springframework/spring-aop/5.3.1/spring-aop-5.3.1.jar:/Users/vatsa/.m2/repository/org/springframework/security/spring-security-config/5.4.1/spring-security-config-5.4.1.jar:/Users/vatsa/.m2/repository/com/google/guava/guava/30.0-jre/guava-30.0-jre.jar:/Users/vatsa/.m2/repository/com/google/guava/failureaccess/1.0.1/failureaccess-1.0.1.jar:/Users/vatsa/.m2/repository/com/google/guava/listenablefuture/9999.0-empty-to-avoid-conflict-with-guava/listenablefuture-9999.0-empty-to-avoid-conflict-with-guava.jar:/Users/vatsa/.m2/repository/com/google/code/findbugs/jsr305/3.0.2/jsr305-3.0.2.jar:/Users/vatsa/.m2/repository/org/checkerframework/checker-qual/3.5.0/checker-qual-3.5.0.jar:/Users/vatsa/.m2/repository/com/google/errorprone/error_prone_annotations/2.3.4/error_prone_annotations-2.3.4.jar:/Users/vatsa/.m2/repository/com/google/j2objc/j2objc-annotations/1.3/j2objc-annotations-1.3.jar:/Users/vatsa/.m2/repository/com/sun/mail/javax.mail/1.6.2/javax.mail-1.6.2.jar:/Users/vatsa/.m2/repository/javax/activation/activation/1.1/activation-1.1.jar:/Users/vatsa/.m2/repository/org/springframework/boot/spring-boot-starter-validation/2.4.0/spring-boot-starter-validation-2.4.0.jar:/Users/vatsa/.m2/repository/org/glassfish/jakarta.el/3.0.3/jakarta.el-3.0.3.jar:/Users/vatsa/.m2/repository/org/hibernate/validator/hibernate-validator/6.1.6.Final/hibernate-validator-6.1.6.Final.jar:/Users/vatsa/.m2/repository/jakarta/validation/jakarta.validation-api/2.0.2/jakarta.validation-api-2.0.2.jar:"/>
    <property name="sun.cpu.endian" value="little"/>
    <property name="user.home" value="/Users/vatsa"/>
    <property name="user.language" value="en"/>
    <property name="java.specification.vendor" value="Oracle Corporation"/>
    <property name="java.version.date" value="2020-09-15"/>
    <property name="java.home" value="/Users/vatsa/Library/Java/JavaVirtualMachines/openjdk-15/Contents/Home"/>
    <property name="file.separator" value="/"/>
    <property name="basedir" value="/Users/vatsa/Desktop/Proj/275/DirectExchange"/>
    <property name="java.vm.compressedOopsMode" value="Zero based"/>
    <property name="line.separator" value="&#10;"/>
    <property name="java.specification.name" value="Java Platform API Specification"/>
    <property name="java.vm.specification.vendor" value="Oracle Corporation"/>
    <property name="surefire.real.class.path" value="/Users/vatsa/Desktop/Proj/275/DirectExchange/target/surefire/surefirebooter9014483665652250796.jar"/>
    <property name="sun.management.compiler" value="HotSpot 64-Bit Tiered Compilers"/>
    <property name="ftp.nonProxyHosts" value="local|*.local|169.254/16|*.169.254/16"/>
    <property name="java.runtime.version" value="15+36-1562"/>
    <property name="user.name" value="vatsa"/>
    <property name="path.separator" value=":"/>
    <property name="os.version" value="10.15.2"/>
    <property name="java.runtime.name" value="OpenJDK Runtime Environment"/>
    <property name="file.encoding" value="UTF-8"/>
    <property name="java.vm.name" value="OpenJDK 64-Bit Server VM"/>
    <property name="localRepository" value="/Users/vatsa/.m2/repository"/>
    <property name="java.vendor.url.bug" value="https://bugreport.java.com/bugreport/"/>
    <property name="java.io.tmpdir" value="/var/folders/xw/v_qn0fvs2g14z6zkk91gj3kc0000gn/T/"/>
    <property name="idea.version" value="2020.2.2"/>
    <property name="java.version" value="15"/>
    <property name="user.dir" value="/Users/vatsa/Desktop/Proj/275/DirectExchange"/>
    <property name="os.arch" value="x86_64"/>
    <property name="java.vm.specification.name" value="Java Virtual Machine Specification"/>
    <property name="java.library.path" value="/Users/vatsa/Library/Java/Extensions:/Library/Java/Extensions:/Network/Library/Java/Extensions:/System/Library/Java/Extensions:/usr/lib/java:."/>
    <property name="java.vm.info" value="mixed mode, sharing"/>
    <property name="java.vendor" value="Oracle Corporation"/>
    <property name="java.vm.version" value="15+36-1562"/>
    <property name="sun.io.unicode.encoding" value="UnicodeBig"/>
    <property name="socksNonProxyHosts" value="local|*.local|169.254/16|*.169.254/16"/>
    <property name="java.class.version" value="59.0"/>
  </properties>
  <testcase name="contextLoads" classname="edu.sjsu.cmpe275.DirectExchangeApplicationTests" time="0.205"/>
</testsuite>